<?xml version="1.0" encoding="UTF-8"?>
<testng-results skipped="0" failed="0" ignored="0" total="1" passed="1">
  <reporter-output>
  </reporter-output>
  <suite name="Default suite" duration-ms="6098" started-at="2019-01-04T21:20:18Z" finished-at="2019-01-04T21:20:25Z">
    <groups>
    </groups>
    <test name="Default test" duration-ms="6098" started-at="2019-01-04T21:20:18Z" finished-at="2019-01-04T21:20:25Z">
      <class name="TestCases.TC001_Login">
        <test-method status="PASS" signature="setUp()[pri:0, instance:TestCases.TC001_Login@27efef64]" name="setUp" is-config="true" duration-ms="4611" started-at="2019-01-04T21:20:18Z" finished-at="2019-01-04T21:20:23Z">
          <reporter-output>
          </reporter-output>
        </test-method> <!-- setUp -->
        <test-method status="PASS" signature="testLogin()[pri:0, instance:TestCases.TC001_Login@27efef64]" name="testLogin" duration-ms="1445" started-at="2019-01-04T21:20:23Z" finished-at="2019-01-04T21:20:25Z">
          <reporter-output>
          </reporter-output>
        </test-method> <!-- testLogin -->
        <test-method status="PASS" signature="cleanUp()[pri:0, instance:TestCases.TC001_Login@27efef64]" name="cleanUp" is-config="true" duration-ms="0" started-at="2019-01-04T21:20:25Z" finished-at="2019-01-04T21:20:25Z">
          <reporter-output>
          </reporter-output>
        </test-method> <!-- cleanUp -->
      </class> <!-- TestCases.TC001_Login -->
    </test> <!-- Default test -->
  </suite> <!-- Default suite -->
</testng-results>
